{"C:\\Users\\victo\\Projects\\pokedex\\src\\components\\Card\\index.tsx": {"path":"C:\\Users\\victo\\Projects\\pokedex\\src\\components\\Card\\index.tsx","statementMap":{"0":{"start":{"line":14,"column":20},"end":{"line":55,"column":1}},"1":{"start":{"line":15,"column":17},"end":{"line":15,"column":32}},"2":{"start":{"line":17,"column":2},"end":{"line":54,"column":4}},"3":{"start":{"line":35,"column":14},"end":{"line":44,"column":21}},"4":{"start":{"line":57,"column":15},"end":{"line":90,"column":2}}},"fnMap":{"0":{"name":"(anonymous_0)","decl":{"start":{"line":14,"column":20},"end":{"line":14,"column":21}},"loc":{"start":{"line":14,"column":63},"end":{"line":55,"column":1}},"line":14},"1":{"name":"(anonymous_1)","decl":{"start":{"line":34,"column":22},"end":{"line":34,"column":23}},"loc":{"start":{"line":35,"column":14},"end":{"line":44,"column":21}},"line":35}},"branchMap":{"0":{"loc":{"start":{"line":33,"column":11},"end":{"line":45,"column":14}},"type":"binary-expr","locations":[{"start":{"line":33,"column":11},"end":{"line":33,"column":16}},{"start":{"line":34,"column":12},"end":{"line":45,"column":14}}],"line":33}},"s":{"0":3,"1":11,"2":11,"3":14,"4":3},"f":{"0":11,"1":14},"b":{"0":[11,11]},"_coverageSchema":"1a1c01bbd47fc00a2c39e90264f33305004495a9","hash":"63d3f9cc35630f22ded00ae39f00899a3f58b030"}
,"C:\\Users\\victo\\Projects\\pokedex\\src\\components\\Loading\\index.tsx": {"path":"C:\\Users\\victo\\Projects\\pokedex\\src\\components\\Loading\\index.tsx","statementMap":{"0":{"start":{"line":7,"column":23},"end":{"line":54,"column":1}},"1":{"start":{"line":8,"column":20},"end":{"line":8,"column":63}},"2":{"start":{"line":8,"column":47},"end":{"line":8,"column":62}},"3":{"start":{"line":9,"column":19},"end":{"line":9,"column":56}},"4":{"start":{"line":11,"column":24},"end":{"line":20,"column":3}},"5":{"start":{"line":12,"column":4},"end":{"line":19,"column":14}},"6":{"start":{"line":22,"column":2},"end":{"line":24,"column":9}},"7":{"start":{"line":23,"column":4},"end":{"line":23,"column":20}},"8":{"start":{"line":26,"column":2},"end":{"line":53,"column":4}}},"fnMap":{"0":{"name":"(anonymous_0)","decl":{"start":{"line":7,"column":23},"end":{"line":7,"column":24}},"loc":{"start":{"line":7,"column":29},"end":{"line":54,"column":1}},"line":7},"1":{"name":"(anonymous_1)","decl":{"start":{"line":8,"column":36},"end":{"line":8,"column":37}},"loc":{"start":{"line":8,"column":47},"end":{"line":8,"column":62}},"line":8},"2":{"name":"(anonymous_2)","decl":{"start":{"line":11,"column":24},"end":{"line":11,"column":25}},"loc":{"start":{"line":11,"column":30},"end":{"line":20,"column":3}},"line":11},"3":{"name":"(anonymous_3)","decl":{"start":{"line":22,"column":12},"end":{"line":22,"column":13}},"loc":{"start":{"line":22,"column":18},"end":{"line":24,"column":3}},"line":22}},"branchMap":{},"s":{"0":1,"1":4,"2":0,"3":4,"4":3,"5":3,"6":3,"7":3,"8":3},"f":{"0":4,"1":0,"2":3,"3":3},"b":{},"_coverageSchema":"1a1c01bbd47fc00a2c39e90264f33305004495a9","hash":"7792d1ddb68cbecb192c6d6a8267d1bde5ac92f0"}
,"C:\\Users\\victo\\Projects\\pokedex\\src\\components\\Pokeball\\index.tsx": {"path":"C:\\Users\\victo\\Projects\\pokedex\\src\\components\\Pokeball\\index.tsx","statementMap":{"0":{"start":{"line":4,"column":24},"end":{"line":38,"column":1}},"1":{"start":{"line":5,"column":2},"end":{"line":37,"column":4}}},"fnMap":{"0":{"name":"(anonymous_0)","decl":{"start":{"line":4,"column":24},"end":{"line":4,"column":25}},"loc":{"start":{"line":4,"column":43},"end":{"line":38,"column":1}},"line":4}},"branchMap":{"0":{"loc":{"start":{"line":4,"column":27},"end":{"line":4,"column":36}},"type":"default-arg","locations":[{"start":{"line":4,"column":34},"end":{"line":4,"column":36}}],"line":4}},"s":{"0":1,"1":2},"f":{"0":2},"b":{"0":[2]},"_coverageSchema":"1a1c01bbd47fc00a2c39e90264f33305004495a9","hash":"e9d3d5783c629a5c043aed7dc73c42447f67cf02"}
,"C:\\Users\\victo\\Projects\\pokedex\\src\\components\\Search\\index.tsx": {"path":"C:\\Users\\victo\\Projects\\pokedex\\src\\components\\Search\\index.tsx","statementMap":{"0":{"start":{"line":11,"column":22},"end":{"line":39,"column":1}},"1":{"start":{"line":12,"column":17},"end":{"line":12,"column":32}},"2":{"start":{"line":13,"column":26},"end":{"line":13,"column":38}},"3":{"start":{"line":15,"column":23},"end":{"line":17,"column":3}},"4":{"start":{"line":16,"column":4},"end":{"line":16,"column":19}},"5":{"start":{"line":19,"column":2},"end":{"line":38,"column":4}},"6":{"start":{"line":31,"column":32},"end":{"line":31,"column":45}},"7":{"start":{"line":41,"column":15},"end":{"line":54,"column":2}}},"fnMap":{"0":{"name":"(anonymous_0)","decl":{"start":{"line":11,"column":22},"end":{"line":11,"column":23}},"loc":{"start":{"line":11,"column":53},"end":{"line":39,"column":1}},"line":11},"1":{"name":"(anonymous_1)","decl":{"start":{"line":15,"column":23},"end":{"line":15,"column":24}},"loc":{"start":{"line":15,"column":29},"end":{"line":17,"column":3}},"line":15},"2":{"name":"(anonymous_2)","decl":{"start":{"line":31,"column":22},"end":{"line":31,"column":23}},"loc":{"start":{"line":31,"column":32},"end":{"line":31,"column":45}},"line":31}},"branchMap":{},"s":{"0":2,"1":12,"2":12,"3":12,"4":3,"5":12,"6":3,"7":2},"f":{"0":12,"1":3,"2":3},"b":{},"_coverageSchema":"1a1c01bbd47fc00a2c39e90264f33305004495a9","hash":"ba1d3e2a81c7f6a604d76330b2dc85983a2b601d"}
,"C:\\Users\\victo\\Projects\\pokedex\\src\\components\\ThemedText\\index.tsx": {"path":"C:\\Users\\victo\\Projects\\pokedex\\src\\components\\ThemedText\\index.tsx","statementMap":{"0":{"start":{"line":18,"column":17},"end":{"line":18,"column":32}},"1":{"start":{"line":20,"column":2},"end":{"line":33,"column":4}},"2":{"start":{"line":36,"column":15},"end":{"line":60,"column":2}}},"fnMap":{"0":{"name":"ThemedText","decl":{"start":{"line":11,"column":16},"end":{"line":11,"column":26}},"loc":{"start":{"line":17,"column":20},"end":{"line":34,"column":1}},"line":17}},"branchMap":{"0":{"loc":{"start":{"line":15,"column":2},"end":{"line":15,"column":18}},"type":"default-arg","locations":[{"start":{"line":15,"column":9},"end":{"line":15,"column":18}}],"line":15},"1":{"loc":{"start":{"line":24,"column":8},"end":{"line":24,"column":55}},"type":"cond-expr","locations":[{"start":{"line":24,"column":29},"end":{"line":24,"column":43}},{"start":{"line":24,"column":46},"end":{"line":24,"column":55}}],"line":24},"2":{"loc":{"start":{"line":25,"column":8},"end":{"line":25,"column":51}},"type":"cond-expr","locations":[{"start":{"line":25,"column":27},"end":{"line":25,"column":39}},{"start":{"line":25,"column":42},"end":{"line":25,"column":51}}],"line":25},"3":{"loc":{"start":{"line":26,"column":8},"end":{"line":26,"column":71}},"type":"cond-expr","locations":[{"start":{"line":26,"column":37},"end":{"line":26,"column":59}},{"start":{"line":26,"column":62},"end":{"line":26,"column":71}}],"line":26},"4":{"loc":{"start":{"line":27,"column":8},"end":{"line":27,"column":57}},"type":"cond-expr","locations":[{"start":{"line":27,"column":30},"end":{"line":27,"column":45}},{"start":{"line":27,"column":48},"end":{"line":27,"column":57}}],"line":27},"5":{"loc":{"start":{"line":28,"column":8},"end":{"line":28,"column":49}},"type":"cond-expr","locations":[{"start":{"line":28,"column":26},"end":{"line":28,"column":37}},{"start":{"line":28,"column":40},"end":{"line":28,"column":49}}],"line":28}},"s":{"0":60,"1":60,"2":5},"f":{"0":60},"b":{"0":[46],"1":[46,14],"2":[2,58],"3":[10,50],"4":[2,58],"5":[0,60]},"_coverageSchema":"1a1c01bbd47fc00a2c39e90264f33305004495a9","hash":"95202599a4f917e51fe8cb911623d61b6d762b9d"}
,"C:\\Users\\victo\\Projects\\pokedex\\src\\components\\ThemedView\\index.tsx": {"path":"C:\\Users\\victo\\Projects\\pokedex\\src\\components\\ThemedView\\index.tsx","statementMap":{"0":{"start":{"line":16,"column":17},"end":{"line":16,"column":32}},"1":{"start":{"line":18,"column":2},"end":{"line":23,"column":4}}},"fnMap":{"0":{"name":"ThemedView","decl":{"start":{"line":10,"column":16},"end":{"line":10,"column":26}},"loc":{"start":{"line":15,"column":20},"end":{"line":24,"column":1}},"line":15}},"branchMap":{},"s":{"0":50,"1":50},"f":{"0":50},"b":{},"_coverageSchema":"1a1c01bbd47fc00a2c39e90264f33305004495a9","hash":"9413497a1c322b7e6ac828e94da4e2d10e9c3e06"}
,"C:\\Users\\victo\\Projects\\pokedex\\src\\constants\\Colors.ts": {"path":"C:\\Users\\victo\\Projects\\pokedex\\src\\constants\\Colors.ts","statementMap":{"0":{"start":{"line":1,"column":23},"end":{"line":1,"column":32}},"1":{"start":{"line":2,"column":22},"end":{"line":2,"column":28}},"2":{"start":{"line":17,"column":36},"end":{"line":36,"column":1}},"3":{"start":{"line":38,"column":22},"end":{"line":63,"column":1}}},"fnMap":{},"branchMap":{},"s":{"0":5,"1":5,"2":5,"3":5},"f":{},"b":{},"_coverageSchema":"1a1c01bbd47fc00a2c39e90264f33305004495a9","hash":"5b70c1630ff53caedefb4d689c6d8e87b361d1d4"}
,"C:\\Users\\victo\\Projects\\pokedex\\src\\hooks\\useThemeColor.ts": {"path":"C:\\Users\\victo\\Projects\\pokedex\\src\\hooks\\useThemeColor.ts","statementMap":{"0":{"start":{"line":11,"column":16},"end":{"line":11,"column":43}},"1":{"start":{"line":13,"column":2},"end":{"line":13,"column":23}}},"fnMap":{"0":{"name":"useThemeColor","decl":{"start":{"line":10,"column":16},"end":{"line":10,"column":29}},"loc":{"start":{"line":10,"column":44},"end":{"line":14,"column":1}},"line":10}},"branchMap":{"0":{"loc":{"start":{"line":11,"column":16},"end":{"line":11,"column":43}},"type":"binary-expr","locations":[{"start":{"line":11,"column":16},"end":{"line":11,"column":32}},{"start":{"line":11,"column":36},"end":{"line":11,"column":43}}],"line":11}},"s":{"0":117,"1":117},"f":{"0":117},"b":{"0":[117,0]},"_coverageSchema":"1a1c01bbd47fc00a2c39e90264f33305004495a9","hash":"a86d198d072844c03f72d48f755ab37ec5c3c0db"}
,"C:\\Users\\victo\\Projects\\pokedex\\src\\screens\\CatchedScreen\\index.tsx": {"path":"C:\\Users\\victo\\Projects\\pokedex\\src\\screens\\CatchedScreen\\index.tsx","statementMap":{"0":{"start":{"line":8,"column":29},"end":{"line":44,"column":1}},"1":{"start":{"line":9,"column":30},"end":{"line":9,"column":63}},"2":{"start":{"line":9,"column":57},"end":{"line":9,"column":62}},"3":{"start":{"line":11,"column":34},"end":{"line":16,"column":3}},"4":{"start":{"line":12,"column":4},"end":{"line":15,"column":7}},"5":{"start":{"line":18,"column":2},"end":{"line":43,"column":4}},"6":{"start":{"line":24,"column":12},"end":{"line":32,"column":31}},"7":{"start":{"line":24,"column":45},"end":{"line":24,"column":77}},"8":{"start":{"line":34,"column":34},"end":{"line":34,"column":43}}},"fnMap":{"0":{"name":"(anonymous_0)","decl":{"start":{"line":8,"column":29},"end":{"line":8,"column":30}},"loc":{"start":{"line":8,"column":35},"end":{"line":44,"column":1}},"line":8},"1":{"name":"(anonymous_1)","decl":{"start":{"line":9,"column":46},"end":{"line":9,"column":47}},"loc":{"start":{"line":9,"column":57},"end":{"line":9,"column":62}},"line":9},"2":{"name":"(anonymous_2)","decl":{"start":{"line":11,"column":34},"end":{"line":11,"column":35}},"loc":{"start":{"line":11,"column":50},"end":{"line":16,"column":3}},"line":11},"3":{"name":"(anonymous_3)","decl":{"start":{"line":23,"column":22},"end":{"line":23,"column":23}},"loc":{"start":{"line":24,"column":12},"end":{"line":32,"column":31}},"line":24},"4":{"name":"(anonymous_4)","decl":{"start":{"line":24,"column":39},"end":{"line":24,"column":40}},"loc":{"start":{"line":24,"column":45},"end":{"line":24,"column":77}},"line":24},"5":{"name":"(anonymous_5)","decl":{"start":{"line":34,"column":24},"end":{"line":34,"column":25}},"loc":{"start":{"line":34,"column":34},"end":{"line":34,"column":43}},"line":34}},"branchMap":{"0":{"loc":{"start":{"line":20,"column":7},"end":{"line":41,"column":7}},"type":"cond-expr","locations":[{"start":{"line":21,"column":8},"end":{"line":38,"column":10}},{"start":{"line":40,"column":8},"end":{"line":40,"column":42}}],"line":20}},"s":{"0":1,"1":4,"2":0,"3":4,"4":1,"5":4,"6":3,"7":1,"8":5},"f":{"0":4,"1":0,"2":1,"3":3,"4":1,"5":5},"b":{"0":[3,1]},"_coverageSchema":"1a1c01bbd47fc00a2c39e90264f33305004495a9","hash":"c69e83e25f27474853fbb7bb47ce08f0e4e276d5"}
,"C:\\Users\\victo\\Projects\\pokedex\\src\\screens\\HomeScreen\\index.tsx": {"path":"C:\\Users\\victo\\Projects\\pokedex\\src\\screens\\HomeScreen\\index.tsx","statementMap":{"0":{"start":{"line":14,"column":26},"end":{"line":124,"column":1}},"1":{"start":{"line":15,"column":42},"end":{"line":15,"column":79}},"2":{"start":{"line":15,"column":73},"end":{"line":15,"column":78}},"3":{"start":{"line":16,"column":40},"end":{"line":16,"column":54}},"4":{"start":{"line":17,"column":39},"end":{"line":17,"column":72}},"5":{"start":{"line":17,"column":66},"end":{"line":17,"column":71}},"6":{"start":{"line":18,"column":56},"end":{"line":18,"column":77}},"7":{"start":{"line":20,"column":31},"end":{"line":36,"column":3}},"8":{"start":{"line":21,"column":4},"end":{"line":35,"column":5}},"9":{"start":{"line":22,"column":6},"end":{"line":24,"column":7}},"10":{"start":{"line":23,"column":8},"end":{"line":23,"column":15}},"11":{"start":{"line":26,"column":6},"end":{"line":26,"column":19}},"12":{"start":{"line":27,"column":19},"end":{"line":29,"column":8}},"13":{"start":{"line":30,"column":6},"end":{"line":30,"column":41}},"14":{"start":{"line":31,"column":6},"end":{"line":31,"column":56}},"15":{"start":{"line":32,"column":6},"end":{"line":32,"column":21}},"16":{"start":{"line":34,"column":6},"end":{"line":34,"column":21}},"17":{"start":{"line":38,"column":18},"end":{"line":46,"column":3}},"18":{"start":{"line":39,"column":4},"end":{"line":44,"column":5}},"19":{"start":{"line":40,"column":6},"end":{"line":42,"column":7}},"20":{"start":{"line":41,"column":8},"end":{"line":41,"column":17}},"21":{"start":{"line":43,"column":6},"end":{"line":43,"column":37}},"22":{"start":{"line":45,"column":4},"end":{"line":45,"column":13}},"23":{"start":{"line":48,"column":23},"end":{"line":53,"column":3}},"24":{"start":{"line":49,"column":4},"end":{"line":52,"column":5}},"25":{"start":{"line":50,"column":19},"end":{"line":50,"column":28}},"26":{"start":{"line":51,"column":6},"end":{"line":51,"column":33}},"27":{"start":{"line":55,"column":34},"end":{"line":60,"column":3}},"28":{"start":{"line":56,"column":4},"end":{"line":59,"column":7}},"29":{"start":{"line":62,"column":23},"end":{"line":82,"column":3}},"30":{"start":{"line":63,"column":4},"end":{"line":81,"column":5}},"31":{"start":{"line":64,"column":23},"end":{"line":66,"column":7}},"32":{"start":{"line":65,"column":8},"end":{"line":65,"column":63}},"33":{"start":{"line":67,"column":6},"end":{"line":77,"column":7}},"34":{"start":{"line":68,"column":8},"end":{"line":76,"column":9}},"35":{"start":{"line":69,"column":10},"end":{"line":69,"column":23}},"36":{"start":{"line":70,"column":27},"end":{"line":70,"column":70}},"37":{"start":{"line":71,"column":10},"end":{"line":71,"column":45}},"38":{"start":{"line":72,"column":10},"end":{"line":72,"column":25}},"39":{"start":{"line":73,"column":10},"end":{"line":73,"column":17}},"40":{"start":{"line":75,"column":10},"end":{"line":75,"column":25}},"41":{"start":{"line":78,"column":6},"end":{"line":78,"column":39}},"42":{"start":{"line":80,"column":6},"end":{"line":80,"column":42}},"43":{"start":{"line":84,"column":2},"end":{"line":88,"column":9}},"44":{"start":{"line":85,"column":4},"end":{"line":87,"column":5}},"45":{"start":{"line":86,"column":6},"end":{"line":86,"column":38}},"46":{"start":{"line":90,"column":2},"end":{"line":92,"column":20}},"47":{"start":{"line":91,"column":4},"end":{"line":91,"column":40}},"48":{"start":{"line":94,"column":2},"end":{"line":123,"column":4}},"49":{"start":{"line":103,"column":12},"end":{"line":111,"column":31}},"50":{"start":{"line":103,"column":45},"end":{"line":103,"column":77}},"51":{"start":{"line":113,"column":34},"end":{"line":113,"column":43}}},"fnMap":{"0":{"name":"(anonymous_0)","decl":{"start":{"line":14,"column":26},"end":{"line":14,"column":27}},"loc":{"start":{"line":14,"column":32},"end":{"line":124,"column":1}},"line":14},"1":{"name":"(anonymous_1)","decl":{"start":{"line":15,"column":62},"end":{"line":15,"column":63}},"loc":{"start":{"line":15,"column":73},"end":{"line":15,"column":78}},"line":15},"2":{"name":"(anonymous_2)","decl":{"start":{"line":17,"column":55},"end":{"line":17,"column":56}},"loc":{"start":{"line":17,"column":66},"end":{"line":17,"column":71}},"line":17},"3":{"name":"(anonymous_3)","decl":{"start":{"line":20,"column":31},"end":{"line":20,"column":32}},"loc":{"start":{"line":20,"column":55},"end":{"line":36,"column":3}},"line":20},"4":{"name":"(anonymous_4)","decl":{"start":{"line":38,"column":18},"end":{"line":38,"column":19}},"loc":{"start":{"line":38,"column":24},"end":{"line":46,"column":3}},"line":38},"5":{"name":"(anonymous_5)","decl":{"start":{"line":48,"column":23},"end":{"line":48,"column":24}},"loc":{"start":{"line":48,"column":29},"end":{"line":53,"column":3}},"line":48},"6":{"name":"(anonymous_6)","decl":{"start":{"line":55,"column":34},"end":{"line":55,"column":35}},"loc":{"start":{"line":55,"column":50},"end":{"line":60,"column":3}},"line":55},"7":{"name":"(anonymous_7)","decl":{"start":{"line":62,"column":23},"end":{"line":62,"column":24}},"loc":{"start":{"line":62,"column":47},"end":{"line":82,"column":3}},"line":62},"8":{"name":"(anonymous_8)","decl":{"start":{"line":64,"column":42},"end":{"line":64,"column":43}},"loc":{"start":{"line":65,"column":8},"end":{"line":65,"column":63}},"line":65},"9":{"name":"(anonymous_9)","decl":{"start":{"line":84,"column":12},"end":{"line":84,"column":13}},"loc":{"start":{"line":84,"column":18},"end":{"line":88,"column":3}},"line":84},"10":{"name":"(anonymous_10)","decl":{"start":{"line":90,"column":12},"end":{"line":90,"column":13}},"loc":{"start":{"line":90,"column":18},"end":{"line":92,"column":3}},"line":90},"11":{"name":"(anonymous_11)","decl":{"start":{"line":102,"column":22},"end":{"line":102,"column":23}},"loc":{"start":{"line":103,"column":12},"end":{"line":111,"column":31}},"line":103},"12":{"name":"(anonymous_12)","decl":{"start":{"line":103,"column":39},"end":{"line":103,"column":40}},"loc":{"start":{"line":103,"column":45},"end":{"line":103,"column":77}},"line":103},"13":{"name":"(anonymous_13)","decl":{"start":{"line":113,"column":24},"end":{"line":113,"column":25}},"loc":{"start":{"line":113,"column":34},"end":{"line":113,"column":43}},"line":113}},"branchMap":{"0":{"loc":{"start":{"line":22,"column":6},"end":{"line":24,"column":7}},"type":"if","locations":[{"start":{"line":22,"column":6},"end":{"line":24,"column":7}},{"start":{},"end":{}}],"line":22},"1":{"loc":{"start":{"line":39,"column":4},"end":{"line":44,"column":5}},"type":"if","locations":[{"start":{"line":39,"column":4},"end":{"line":44,"column":5}},{"start":{},"end":{}}],"line":39},"2":{"loc":{"start":{"line":40,"column":6},"end":{"line":42,"column":7}},"type":"if","locations":[{"start":{"line":40,"column":6},"end":{"line":42,"column":7}},{"start":{},"end":{}}],"line":40},"3":{"loc":{"start":{"line":49,"column":4},"end":{"line":52,"column":5}},"type":"if","locations":[{"start":{"line":49,"column":4},"end":{"line":52,"column":5}},{"start":{},"end":{}}],"line":49},"4":{"loc":{"start":{"line":49,"column":8},"end":{"line":49,"column":50}},"type":"binary-expr","locations":[{"start":{"line":49,"column":8},"end":{"line":49,"column":19}},{"start":{"line":49,"column":23},"end":{"line":49,"column":50}}],"line":49},"5":{"loc":{"start":{"line":63,"column":4},"end":{"line":81,"column":5}},"type":"if","locations":[{"start":{"line":63,"column":4},"end":{"line":81,"column":5}},{"start":{"line":79,"column":11},"end":{"line":81,"column":5}}],"line":63},"6":{"loc":{"start":{"line":67,"column":6},"end":{"line":77,"column":7}},"type":"if","locations":[{"start":{"line":67,"column":6},"end":{"line":77,"column":7}},{"start":{},"end":{}}],"line":67},"7":{"loc":{"start":{"line":85,"column":4},"end":{"line":87,"column":5}},"type":"if","locations":[{"start":{"line":85,"column":4},"end":{"line":87,"column":5}},{"start":{},"end":{}}],"line":85},"8":{"loc":{"start":{"line":99,"column":7},"end":{"line":121,"column":7}},"type":"cond-expr","locations":[{"start":{"line":100,"column":8},"end":{"line":118,"column":10}},{"start":{"line":120,"column":8},"end":{"line":120,"column":49}}],"line":99}},"s":{"0":1,"1":7,"2":0,"3":7,"4":6,"5":8,"6":6,"7":6,"8":1,"9":1,"10":0,"11":1,"12":1,"13":0,"14":0,"15":0,"16":1,"17":6,"18":1,"19":0,"20":0,"21":0,"22":1,"23":6,"24":0,"25":0,"26":0,"27":6,"28":1,"29":6,"30":1,"31":1,"32":2,"33":1,"34":0,"35":0,"36":0,"37":0,"38":0,"39":0,"40":0,"41":1,"42":0,"43":6,"44":4,"45":1,"46":6,"47":4,"48":6,"49":5,"50":1,"51":9},"f":{"0":7,"1":0,"2":8,"3":1,"4":1,"5":0,"6":1,"7":1,"8":2,"9":4,"10":4,"11":5,"12":1,"13":9},"b":{"0":[0,1],"1":[0,1],"2":[0,0],"3":[0,0],"4":[0,0],"5":[1,0],"6":[0,1],"7":[1,3],"8":[4,2]},"_coverageSchema":"1a1c01bbd47fc00a2c39e90264f33305004495a9","hash":"f675ea80f05aeee3c906f779ecd99cad76165dde"}
,"C:\\Users\\victo\\Projects\\pokedex\\src\\screens\\PokemonScreen\\index.tsx": {"path":"C:\\Users\\victo\\Projects\\pokedex\\src\\screens\\PokemonScreen\\index.tsx","statementMap":{"0":{"start":{"line":20,"column":29},"end":{"line":76,"column":1}},"1":{"start":{"line":21,"column":17},"end":{"line":21,"column":32}},"2":{"start":{"line":22,"column":32},"end":{"line":22,"column":59}},"3":{"start":{"line":23,"column":34},"end":{"line":23,"column":49}},"4":{"start":{"line":24,"column":26},"end":{"line":24,"column":63}},"5":{"start":{"line":24,"column":57},"end":{"line":24,"column":62}},"6":{"start":{"line":26,"column":21},"end":{"line":38,"column":3}},"7":{"start":{"line":27,"column":20},"end":{"line":27,"column":75}},"8":{"start":{"line":27,"column":50},"end":{"line":27,"column":74}},"9":{"start":{"line":28,"column":4},"end":{"line":31,"column":5}},"10":{"start":{"line":29,"column":6},"end":{"line":29,"column":26}},"11":{"start":{"line":30,"column":6},"end":{"line":30,"column":13}},"12":{"start":{"line":32,"column":4},"end":{"line":37,"column":5}},"13":{"start":{"line":33,"column":22},"end":{"line":33,"column":68}},"14":{"start":{"line":34,"column":6},"end":{"line":34,"column":26}},"15":{"start":{"line":36,"column":6},"end":{"line":36,"column":24}},"16":{"start":{"line":40,"column":2},"end":{"line":42,"column":31}},"17":{"start":{"line":41,"column":4},"end":{"line":41,"column":17}},"18":{"start":{"line":44,"column":2},"end":{"line":75,"column":4}},"19":{"start":{"line":78,"column":15},"end":{"line":82,"column":2}}},"fnMap":{"0":{"name":"(anonymous_0)","decl":{"start":{"line":20,"column":29},"end":{"line":20,"column":30}},"loc":{"start":{"line":20,"column":68},"end":{"line":76,"column":1}},"line":20},"1":{"name":"(anonymous_1)","decl":{"start":{"line":24,"column":46},"end":{"line":24,"column":47}},"loc":{"start":{"line":24,"column":57},"end":{"line":24,"column":62}},"line":24},"2":{"name":"(anonymous_2)","decl":{"start":{"line":26,"column":21},"end":{"line":26,"column":22}},"loc":{"start":{"line":26,"column":33},"end":{"line":38,"column":3}},"line":26},"3":{"name":"(anonymous_3)","decl":{"start":{"line":27,"column":37},"end":{"line":27,"column":38}},"loc":{"start":{"line":27,"column":50},"end":{"line":27,"column":74}},"line":27},"4":{"name":"(anonymous_4)","decl":{"start":{"line":40,"column":12},"end":{"line":40,"column":13}},"loc":{"start":{"line":40,"column":18},"end":{"line":42,"column":3}},"line":40}},"branchMap":{"0":{"loc":{"start":{"line":28,"column":4},"end":{"line":31,"column":5}},"type":"if","locations":[{"start":{"line":28,"column":4},"end":{"line":31,"column":5}},{"start":{},"end":{}}],"line":28},"1":{"loc":{"start":{"line":50,"column":12},"end":{"line":50,"column":75}},"type":"binary-expr","locations":[{"start":{"line":50,"column":12},"end":{"line":50,"column":54}},{"start":{"line":50,"column":58},"end":{"line":50,"column":75}}],"line":50},"2":{"loc":{"start":{"line":54,"column":7},"end":{"line":73,"column":7}},"type":"cond-expr","locations":[{"start":{"line":55,"column":8},"end":{"line":58,"column":11}},{"start":{"line":60,"column":8},"end":{"line":72,"column":21}}],"line":54},"3":{"loc":{"start":{"line":70,"column":13},"end":{"line":70,"column":58}},"type":"cond-expr","locations":[{"start":{"line":70,"column":24},"end":{"line":70,"column":43}},{"start":{"line":70,"column":46},"end":{"line":70,"column":58}}],"line":70}},"s":{"0":1,"1":6,"2":6,"3":6,"4":6,"5":0,"6":6,"7":3,"8":1,"9":3,"10":1,"11":1,"12":2,"13":2,"14":1,"15":1,"16":6,"17":3,"18":6,"19":1},"f":{"0":6,"1":0,"2":3,"3":1,"4":3},"b":{"0":[1,2],"1":[6,4],"2":[2,4],"3":[1,3]},"_coverageSchema":"1a1c01bbd47fc00a2c39e90264f33305004495a9","hash":"c160df65548c1de45e48532b8cdef20e9bd725eb"}
,"C:\\Users\\victo\\Projects\\pokedex\\src\\screens\\PokemonScreen\\components\\PokemonInfo.tsx": {"path":"C:\\Users\\victo\\Projects\\pokedex\\src\\screens\\PokemonScreen\\components\\PokemonInfo.tsx","statementMap":{"0":{"start":{"line":10,"column":27},"end":{"line":94,"column":1}},"1":{"start":{"line":11,"column":17},"end":{"line":11,"column":32}},"2":{"start":{"line":12,"column":36},"end":{"line":12,"column":68}},"3":{"start":{"line":13,"column":39},"end":{"line":13,"column":72}},"4":{"start":{"line":13,"column":66},"end":{"line":13,"column":71}},"5":{"start":{"line":15,"column":22},"end":{"line":26,"column":3}},"6":{"start":{"line":16,"column":4},"end":{"line":25,"column":5}},"7":{"start":{"line":17,"column":6},"end":{"line":24,"column":7}},"8":{"start":{"line":18,"column":8},"end":{"line":18,"column":21}},"9":{"start":{"line":19,"column":21},"end":{"line":19,"column":63}},"10":{"start":{"line":20,"column":8},"end":{"line":20,"column":38}},"11":{"start":{"line":21,"column":8},"end":{"line":21,"column":23}},"12":{"start":{"line":23,"column":8},"end":{"line":23,"column":23}},"13":{"start":{"line":28,"column":21},"end":{"line":39,"column":3}},"14":{"start":{"line":29,"column":4},"end":{"line":38,"column":5}},"15":{"start":{"line":31,"column":8},"end":{"line":31,"column":28}},"16":{"start":{"line":34,"column":8},"end":{"line":34,"column":29}},"17":{"start":{"line":37,"column":8},"end":{"line":37,"column":24}},"18":{"start":{"line":41,"column":2},"end":{"line":43,"column":16}},"19":{"start":{"line":42,"column":4},"end":{"line":42,"column":18}},"20":{"start":{"line":45,"column":2},"end":{"line":93,"column":4}},"21":{"start":{"line":57,"column":12},"end":{"line":63,"column":25}},"22":{"start":{"line":71,"column":12},"end":{"line":77,"column":25}},"23":{"start":{"line":82,"column":8},"end":{"line":90,"column":15}},"24":{"start":{"line":96,"column":15},"end":{"line":109,"column":2}}},"fnMap":{"0":{"name":"(anonymous_0)","decl":{"start":{"line":10,"column":27},"end":{"line":10,"column":28}},"loc":{"start":{"line":10,"column":70},"end":{"line":94,"column":1}},"line":10},"1":{"name":"(anonymous_1)","decl":{"start":{"line":13,"column":55},"end":{"line":13,"column":56}},"loc":{"start":{"line":13,"column":66},"end":{"line":13,"column":71}},"line":13},"2":{"name":"(anonymous_2)","decl":{"start":{"line":15,"column":22},"end":{"line":15,"column":23}},"loc":{"start":{"line":15,"column":34},"end":{"line":26,"column":3}},"line":15},"3":{"name":"(anonymous_3)","decl":{"start":{"line":28,"column":21},"end":{"line":28,"column":22}},"loc":{"start":{"line":28,"column":43},"end":{"line":39,"column":3}},"line":28},"4":{"name":"(anonymous_4)","decl":{"start":{"line":41,"column":12},"end":{"line":41,"column":13}},"loc":{"start":{"line":41,"column":18},"end":{"line":43,"column":3}},"line":41},"5":{"name":"(anonymous_5)","decl":{"start":{"line":56,"column":25},"end":{"line":56,"column":26}},"loc":{"start":{"line":57,"column":12},"end":{"line":63,"column":25}},"line":57},"6":{"name":"(anonymous_6)","decl":{"start":{"line":70,"column":34},"end":{"line":70,"column":35}},"loc":{"start":{"line":71,"column":12},"end":{"line":77,"column":25}},"line":71},"7":{"name":"(anonymous_7)","decl":{"start":{"line":81,"column":26},"end":{"line":81,"column":27}},"loc":{"start":{"line":82,"column":8},"end":{"line":90,"column":15}},"line":82}},"branchMap":{"0":{"loc":{"start":{"line":16,"column":4},"end":{"line":25,"column":5}},"type":"if","locations":[{"start":{"line":16,"column":4},"end":{"line":25,"column":5}},{"start":{},"end":{}}],"line":16},"1":{"loc":{"start":{"line":29,"column":4},"end":{"line":38,"column":5}},"type":"switch","locations":[{"start":{"line":30,"column":6},"end":{"line":31,"column":28}},{"start":{"line":33,"column":6},"end":{"line":34,"column":29}},{"start":{"line":36,"column":6},"end":{"line":37,"column":24}}],"line":29},"2":{"loc":{"start":{"line":62,"column":15},"end":{"line":62,"column":51}},"type":"binary-expr","locations":[{"start":{"line":62,"column":15},"end":{"line":62,"column":43}},{"start":{"line":62,"column":47},"end":{"line":62,"column":51}}],"line":62},"3":{"loc":{"start":{"line":76,"column":15},"end":{"line":76,"column":59}},"type":"binary-expr","locations":[{"start":{"line":76,"column":15},"end":{"line":76,"column":51}},{"start":{"line":76,"column":55},"end":{"line":76,"column":59}}],"line":76}},"s":{"0":1,"1":4,"2":4,"3":4,"4":6,"5":4,"6":2,"7":2,"8":2,"9":2,"10":1,"11":1,"12":0,"13":4,"14":0,"15":0,"16":0,"17":0,"18":4,"19":2,"20":4,"21":0,"22":0,"23":0,"24":1},"f":{"0":4,"1":6,"2":2,"3":0,"4":2,"5":0,"6":0,"7":0},"b":{"0":[2,0],"1":[0,0,0],"2":[0,0],"3":[0,0]},"_coverageSchema":"1a1c01bbd47fc00a2c39e90264f33305004495a9","hash":"b54ab918933953317a145d5219720a068d9b41ce"}
,"C:\\Users\\victo\\Projects\\pokedex\\src\\screens\\PokemonScreen\\components\\PokemonPreview.tsx": {"path":"C:\\Users\\victo\\Projects\\pokedex\\src\\screens\\PokemonScreen\\components\\PokemonPreview.tsx","statementMap":{"0":{"start":{"line":19,"column":30},"end":{"line":86,"column":1}},"1":{"start":{"line":20,"column":17},"end":{"line":20,"column":32}},"2":{"start":{"line":21,"column":44},"end":{"line":21,"column":77}},"3":{"start":{"line":21,"column":71},"end":{"line":21,"column":76}},"4":{"start":{"line":23,"column":36},"end":{"line":25,"column":3}},"5":{"start":{"line":24,"column":45},"end":{"line":24,"column":77}},"6":{"start":{"line":27,"column":29},"end":{"line":32,"column":3}},"7":{"start":{"line":28,"column":4},"end":{"line":30,"column":5}},"8":{"start":{"line":29,"column":6},"end":{"line":29,"column":13}},"9":{"start":{"line":31,"column":4},"end":{"line":31,"column":26}},"10":{"start":{"line":34,"column":2},"end":{"line":40,"column":36}},"11":{"start":{"line":35,"column":4},"end":{"line":39,"column":6}},"12":{"start":{"line":37,"column":28},"end":{"line":37,"column":60}},"13":{"start":{"line":42,"column":2},"end":{"line":85,"column":4}},"14":{"start":{"line":50,"column":34},"end":{"line":50,"column":47}},"15":{"start":{"line":75,"column":10},"end":{"line":81,"column":17}},"16":{"start":{"line":88,"column":15},"end":{"line":137,"column":2}}},"fnMap":{"0":{"name":"(anonymous_0)","decl":{"start":{"line":19,"column":30},"end":{"line":19,"column":31}},"loc":{"start":{"line":19,"column":73},"end":{"line":86,"column":1}},"line":19},"1":{"name":"(anonymous_1)","decl":{"start":{"line":21,"column":60},"end":{"line":21,"column":61}},"loc":{"start":{"line":21,"column":71},"end":{"line":21,"column":76}},"line":21},"2":{"name":"(anonymous_2)","decl":{"start":{"line":24,"column":25},"end":{"line":24,"column":26}},"loc":{"start":{"line":24,"column":45},"end":{"line":24,"column":77}},"line":24},"3":{"name":"(anonymous_3)","decl":{"start":{"line":27,"column":29},"end":{"line":27,"column":30}},"loc":{"start":{"line":27,"column":35},"end":{"line":32,"column":3}},"line":27},"4":{"name":"(anonymous_4)","decl":{"start":{"line":34,"column":12},"end":{"line":34,"column":13}},"loc":{"start":{"line":34,"column":18},"end":{"line":40,"column":3}},"line":34},"5":{"name":"(anonymous_5)","decl":{"start":{"line":37,"column":8},"end":{"line":37,"column":9}},"loc":{"start":{"line":37,"column":28},"end":{"line":37,"column":60}},"line":37},"6":{"name":"(anonymous_6)","decl":{"start":{"line":50,"column":28},"end":{"line":50,"column":29}},"loc":{"start":{"line":50,"column":34},"end":{"line":50,"column":47}},"line":50},"7":{"name":"(anonymous_7)","decl":{"start":{"line":74,"column":27},"end":{"line":74,"column":28}},"loc":{"start":{"line":75,"column":10},"end":{"line":81,"column":17}},"line":75}},"branchMap":{"0":{"loc":{"start":{"line":28,"column":4},"end":{"line":30,"column":5}},"type":"if","locations":[{"start":{"line":28,"column":4},"end":{"line":30,"column":5}},{"start":{},"end":{}}],"line":28},"1":{"loc":{"start":{"line":58,"column":13},"end":{"line":58,"column":44}},"type":"cond-expr","locations":[{"start":{"line":58,"column":25},"end":{"line":58,"column":34}},{"start":{"line":58,"column":37},"end":{"line":58,"column":44}}],"line":58}},"s":{"0":1,"1":2,"2":2,"3":2,"4":2,"5":0,"6":2,"7":0,"8":0,"9":0,"10":2,"11":2,"12":0,"13":2,"14":0,"15":2,"16":1},"f":{"0":2,"1":2,"2":0,"3":0,"4":2,"5":0,"6":0,"7":2},"b":{"0":[0,0],"1":[0,2]},"_coverageSchema":"1a1c01bbd47fc00a2c39e90264f33305004495a9","hash":"5337c0955ed9ae995f1815b7099a685d20ca2544"}
,"C:\\Users\\victo\\Projects\\pokedex\\src\\services\\apiClient.ts": {"path":"C:\\Users\\victo\\Projects\\pokedex\\src\\services\\apiClient.ts","statementMap":{"0":{"start":{"line":3,"column":18},"end":{"line":9,"column":2}}},"fnMap":{},"branchMap":{},"s":{"0":2},"f":{},"b":{},"_coverageSchema":"1a1c01bbd47fc00a2c39e90264f33305004495a9","hash":"1cbb0258267a1213f551a989e820e43bdeaf236f"}
,"C:\\Users\\victo\\Projects\\pokedex\\src\\services\\storage.ts": {"path":"C:\\Users\\victo\\Projects\\pokedex\\src\\services\\storage.ts","statementMap":{"0":{"start":{"line":4,"column":20},"end":{"line":4,"column":30}},"1":{"start":{"line":6,"column":23},"end":{"line":14,"column":1}},"2":{"start":{"line":8,"column":4},"end":{"line":8,"column":47}},"3":{"start":{"line":10,"column":18},"end":{"line":10,"column":44}},"4":{"start":{"line":11,"column":4},"end":{"line":11,"column":44}},"5":{"start":{"line":13,"column":31},"end":{"line":13,"column":54}}},"fnMap":{"0":{"name":"(anonymous_0)","decl":{"start":{"line":7,"column":11},"end":{"line":7,"column":12}},"loc":{"start":{"line":8,"column":4},"end":{"line":8,"column":47}},"line":8},"1":{"name":"(anonymous_1)","decl":{"start":{"line":9,"column":11},"end":{"line":9,"column":12}},"loc":{"start":{"line":9,"column":28},"end":{"line":12,"column":3}},"line":9},"2":{"name":"(anonymous_2)","decl":{"start":{"line":13,"column":14},"end":{"line":13,"column":15}},"loc":{"start":{"line":13,"column":31},"end":{"line":13,"column":54}},"line":13}},"branchMap":{"0":{"loc":{"start":{"line":11,"column":11},"end":{"line":11,"column":43}},"type":"cond-expr","locations":[{"start":{"line":11,"column":19},"end":{"line":11,"column":36}},{"start":{"line":11,"column":39},"end":{"line":11,"column":43}}],"line":11}},"s":{"0":1,"1":1,"2":0,"3":1,"4":1,"5":0},"f":{"0":0,"1":1,"2":0},"b":{"0":[0,1]},"_coverageSchema":"1a1c01bbd47fc00a2c39e90264f33305004495a9","hash":"49241945e95660b278a806b39dc174a0ec6e1986"}
,"C:\\Users\\victo\\Projects\\pokedex\\src\\services\\PokemonService\\index.ts": {"path":"C:\\Users\\victo\\Projects\\pokedex\\src\\services\\PokemonService\\index.ts","statementMap":{"0":{"start":{"line":4,"column":23},"end":{"line":28,"column":1}},"1":{"start":{"line":7,"column":2},"end":{"line":27,"column":3}},"2":{"start":{"line":8,"column":21},"end":{"line":13,"column":6}},"3":{"start":{"line":14,"column":30},"end":{"line":14,"column":43}},"4":{"start":{"line":16,"column":21},"end":{"line":19,"column":6}},"5":{"start":{"line":17,"column":26},"end":{"line":17,"column":62}},"6":{"start":{"line":18,"column":6},"end":{"line":18,"column":25}},"7":{"start":{"line":21,"column":4},"end":{"line":24,"column":6}},"8":{"start":{"line":26,"column":4},"end":{"line":26,"column":16}},"9":{"start":{"line":30,"column":25},"end":{"line":37,"column":1}},"10":{"start":{"line":31,"column":2},"end":{"line":36,"column":3}},"11":{"start":{"line":32,"column":21},"end":{"line":32,"column":60}},"12":{"start":{"line":33,"column":4},"end":{"line":33,"column":25}},"13":{"start":{"line":35,"column":4},"end":{"line":35,"column":16}},"14":{"start":{"line":39,"column":23},"end":{"line":46,"column":1}},"15":{"start":{"line":40,"column":2},"end":{"line":45,"column":3}},"16":{"start":{"line":41,"column":21},"end":{"line":41,"column":58}},"17":{"start":{"line":42,"column":4},"end":{"line":42,"column":25}},"18":{"start":{"line":44,"column":4},"end":{"line":44,"column":16}},"19":{"start":{"line":48,"column":30},"end":{"line":52,"column":1}}},"fnMap":{"0":{"name":"(anonymous_0)","decl":{"start":{"line":4,"column":23},"end":{"line":4,"column":24}},"loc":{"start":{"line":6,"column":56},"end":{"line":28,"column":1}},"line":6},"1":{"name":"(anonymous_1)","decl":{"start":{"line":16,"column":39},"end":{"line":16,"column":40}},"loc":{"start":{"line":16,"column":63},"end":{"line":19,"column":5}},"line":16},"2":{"name":"(anonymous_2)","decl":{"start":{"line":30,"column":25},"end":{"line":30,"column":26}},"loc":{"start":{"line":30,"column":49},"end":{"line":37,"column":1}},"line":30},"3":{"name":"(anonymous_3)","decl":{"start":{"line":39,"column":23},"end":{"line":39,"column":24}},"loc":{"start":{"line":39,"column":45},"end":{"line":46,"column":1}},"line":39}},"branchMap":{},"s":{"0":2,"1":2,"2":2,"3":1,"4":1,"5":1,"6":1,"7":1,"8":1,"9":2,"10":3,"11":3,"12":2,"13":1,"14":2,"15":1,"16":1,"17":1,"18":0,"19":2},"f":{"0":2,"1":1,"2":3,"3":1},"b":{},"_coverageSchema":"1a1c01bbd47fc00a2c39e90264f33305004495a9","hash":"e78d1897e0ed30705640a12652e8d2ad9079ec00"}
,"C:\\Users\\victo\\Projects\\pokedex\\src\\services\\SpeciesService\\index.ts": {"path":"C:\\Users\\victo\\Projects\\pokedex\\src\\services\\SpeciesService\\index.ts","statementMap":{"0":{"start":{"line":4,"column":18},"end":{"line":12,"column":1}},"1":{"start":{"line":5,"column":2},"end":{"line":11,"column":3}},"2":{"start":{"line":6,"column":21},"end":{"line":6,"column":66}},"3":{"start":{"line":8,"column":4},"end":{"line":8,"column":25}},"4":{"start":{"line":10,"column":4},"end":{"line":10,"column":16}},"5":{"start":{"line":14,"column":30},"end":{"line":16,"column":1}}},"fnMap":{"0":{"name":"(anonymous_0)","decl":{"start":{"line":4,"column":18},"end":{"line":4,"column":19}},"loc":{"start":{"line":4,"column":61},"end":{"line":12,"column":1}},"line":4}},"branchMap":{},"s":{"0":2,"1":4,"2":4,"3":2,"4":1,"5":2},"f":{"0":4},"b":{},"_coverageSchema":"1a1c01bbd47fc00a2c39e90264f33305004495a9","hash":"60ece873832ff901907c0d53e0dc28cb38cf25fc"}
,"C:\\Users\\victo\\Projects\\pokedex\\src\\stores\\useCatchedStore.ts": {"path":"C:\\Users\\victo\\Projects\\pokedex\\src\\stores\\useCatchedStore.ts","statementMap":{"0":{"start":{"line":11,"column":31},"end":{"line":27,"column":1}},"1":{"start":{"line":13,"column":14},"end":{"line":21,"column":5}},"2":{"start":{"line":17,"column":8},"end":{"line":19,"column":12}},"3":{"start":{"line":17,"column":42},"end":{"line":19,"column":9}},"4":{"start":{"line":24,"column":39},"end":{"line":24,"column":46}}},"fnMap":{"0":{"name":"(anonymous_0)","decl":{"start":{"line":13,"column":4},"end":{"line":13,"column":5}},"loc":{"start":{"line":13,"column":14},"end":{"line":21,"column":5}},"line":13},"1":{"name":"(anonymous_1)","decl":{"start":{"line":16,"column":20},"end":{"line":16,"column":21}},"loc":{"start":{"line":16,"column":49},"end":{"line":20,"column":7}},"line":16},"2":{"name":"(anonymous_2)","decl":{"start":{"line":17,"column":12},"end":{"line":17,"column":13}},"loc":{"start":{"line":17,"column":42},"end":{"line":19,"column":9}},"line":17},"3":{"name":"(anonymous_3)","decl":{"start":{"line":24,"column":33},"end":{"line":24,"column":34}},"loc":{"start":{"line":24,"column":39},"end":{"line":24,"column":46}},"line":24}},"branchMap":{},"s":{"0":1,"1":1,"2":0,"3":0,"4":1},"f":{"0":1,"1":0,"2":0,"3":1},"b":{},"_coverageSchema":"1a1c01bbd47fc00a2c39e90264f33305004495a9","hash":"a0c64a4947f5699253b9e9d1ea9da6167aac9ce9"}
,"C:\\Users\\victo\\Projects\\pokedex\\src\\stores\\useLoadingStore.ts": {"path":"C:\\Users\\victo\\Projects\\pokedex\\src\\stores\\useLoadingStore.ts","statementMap":{"0":{"start":{"line":9,"column":24},"end":{"line":13,"column":3}},"1":{"start":{"line":9,"column":59},"end":{"line":13,"column":1}},"2":{"start":{"line":11,"column":20},"end":{"line":11,"column":44}},"3":{"start":{"line":12,"column":22},"end":{"line":12,"column":47}}},"fnMap":{"0":{"name":"(anonymous_0)","decl":{"start":{"line":9,"column":49},"end":{"line":9,"column":50}},"loc":{"start":{"line":9,"column":59},"end":{"line":13,"column":1}},"line":9},"1":{"name":"(anonymous_1)","decl":{"start":{"line":11,"column":14},"end":{"line":11,"column":15}},"loc":{"start":{"line":11,"column":20},"end":{"line":11,"column":44}},"line":11},"2":{"name":"(anonymous_2)","decl":{"start":{"line":12,"column":16},"end":{"line":12,"column":17}},"loc":{"start":{"line":12,"column":22},"end":{"line":12,"column":47}},"line":12}},"branchMap":{},"s":{"0":2,"1":2,"2":3,"3":2},"f":{"0":2,"1":3,"2":2},"b":{},"_coverageSchema":"1a1c01bbd47fc00a2c39e90264f33305004495a9","hash":"aad6ba9ea2899e2fbe4c78ce2fd30518eb5ec084"}
,"C:\\Users\\victo\\Projects\\pokedex\\src\\utils\\formatPokemonId.ts": {"path":"C:\\Users\\victo\\Projects\\pokedex\\src\\utils\\formatPokemonId.ts","statementMap":{"0":{"start":{"line":1,"column":31},"end":{"line":3,"column":1}},"1":{"start":{"line":2,"column":2},"end":{"line":2,"column":46}}},"fnMap":{"0":{"name":"(anonymous_0)","decl":{"start":{"line":1,"column":31},"end":{"line":1,"column":32}},"loc":{"start":{"line":1,"column":47},"end":{"line":3,"column":1}},"line":1}},"branchMap":{},"s":{"0":3,"1":10},"f":{"0":10},"b":{},"_coverageSchema":"1a1c01bbd47fc00a2c39e90264f33305004495a9","hash":"faa3bafcc7a6416603ac5d1945a94a7debc96863"}
}
