TN:
SF:src\components\ThemedText\index.tsx
FN:11,ThemedText
FNF:1
FNH:1
FNDA:1,ThemedText
DA:18,1
DA:20,1
DA:36,1
LF:3
LH:3
BRDA:15,0,0,1
BRDA:24,1,0,1
BRDA:24,1,1,0
BRDA:25,2,0,0
BRDA:25,2,1,1
BRDA:26,3,0,0
BRDA:26,3,1,1
BRDA:27,4,0,0
BRDA:27,4,1,1
BRDA:28,5,0,0
BRDA:28,5,1,1
BRF:11
BRH:6
end_of_record
TN:
SF:src\constants\Colors.ts
FNF:0
FNH:0
DA:1,1
DA:2,1
DA:16,1
DA:37,1
LF:4
LH:4
BRF:0
BRH:0
end_of_record
TN:
SF:src\hooks\useThemeColor.ts
FN:10,useThemeColor
FNF:1
FNH:1
FNDA:1,useThemeColor
DA:11,1
DA:13,1
LF:2
LH:2
BRDA:11,0,0,1
BRDA:11,0,1,0
BRF:2
BRH:1
end_of_record
TN:
SF:src\services\PokemonService\index.ts
FN:4,(anonymous_0)
FN:16,(anonymous_1)
FN:30,(anonymous_2)
FNF:3
FNH:3
FNDA:2,(anonymous_0)
FNDA:1,(anonymous_1)
FNDA:3,(anonymous_2)
DA:4,1
DA:7,2
DA:8,2
DA:14,1
DA:16,1
DA:17,1
DA:18,1
DA:21,1
DA:26,1
DA:30,1
DA:31,3
DA:32,3
DA:33,2
DA:35,1
DA:39,1
LF:15
LH:15
BRF:0
BRH:0
end_of_record
