TN:
SF:src\components\Card\index.tsx
FN:14,(anonymous_0)
FN:34,(anonymous_1)
FNF:2
FNH:2
FNDA:11,(anonymous_0)
FNDA:14,(anonymous_1)
DA:14,3
DA:15,11
DA:17,11
DA:35,14
DA:57,3
LF:5
LH:5
BRDA:33,0,0,11
BRDA:33,0,1,11
BRF:2
BRH:2
end_of_record
TN:
SF:src\components\Loading\index.tsx
FN:7,(anonymous_0)
FN:8,(anonymous_1)
FN:11,(anonymous_2)
FN:22,(anonymous_3)
FNF:4
FNH:3
FNDA:4,(anonymous_0)
FNDA:0,(anonymous_1)
FNDA:3,(anonymous_2)
FNDA:3,(anonymous_3)
DA:7,1
DA:8,4
DA:9,4
DA:11,3
DA:12,3
DA:22,3
DA:23,3
DA:26,3
LF:8
LH:8
BRF:0
BRH:0
end_of_record
TN:
SF:src\components\Pokeball\index.tsx
FN:4,(anonymous_0)
FNF:1
FNH:1
FNDA:2,(anonymous_0)
DA:4,1
DA:5,2
LF:2
LH:2
BRDA:4,0,0,2
BRF:1
BRH:1
end_of_record
TN:
SF:src\components\Search\index.tsx
FN:11,(anonymous_0)
FN:15,(anonymous_1)
FN:31,(anonymous_2)
FNF:3
FNH:3
FNDA:12,(anonymous_0)
FNDA:3,(anonymous_1)
FNDA:3,(anonymous_2)
DA:11,2
DA:12,12
DA:13,12
DA:15,12
DA:16,3
DA:19,12
DA:31,3
DA:41,2
LF:8
LH:8
BRF:0
BRH:0
end_of_record
TN:
SF:src\components\ThemedText\index.tsx
FN:11,ThemedText
FNF:1
FNH:1
FNDA:60,ThemedText
DA:18,60
DA:20,60
DA:36,5
LF:3
LH:3
BRDA:15,0,0,46
BRDA:24,1,0,46
BRDA:24,1,1,14
BRDA:25,2,0,2
BRDA:25,2,1,58
BRDA:26,3,0,10
BRDA:26,3,1,50
BRDA:27,4,0,2
BRDA:27,4,1,58
BRDA:28,5,0,0
BRDA:28,5,1,60
BRF:11
BRH:10
end_of_record
TN:
SF:src\components\ThemedView\index.tsx
FN:10,ThemedView
FNF:1
FNH:1
FNDA:50,ThemedView
DA:16,50
DA:18,50
LF:2
LH:2
BRF:0
BRH:0
end_of_record
TN:
SF:src\constants\Colors.ts
FNF:0
FNH:0
DA:1,5
DA:2,5
DA:17,5
DA:38,5
LF:4
LH:4
BRF:0
BRH:0
end_of_record
TN:
SF:src\hooks\useThemeColor.ts
FN:10,useThemeColor
FNF:1
FNH:1
FNDA:117,useThemeColor
DA:11,117
DA:13,117
LF:2
LH:2
BRDA:11,0,0,117
BRDA:11,0,1,0
BRF:2
BRH:1
end_of_record
TN:
SF:src\screens\CatchedScreen\index.tsx
FN:8,(anonymous_0)
FN:9,(anonymous_1)
FN:11,(anonymous_2)
FN:23,(anonymous_3)
FN:24,(anonymous_4)
FN:34,(anonymous_5)
FNF:6
FNH:5
FNDA:4,(anonymous_0)
FNDA:0,(anonymous_1)
FNDA:1,(anonymous_2)
FNDA:3,(anonymous_3)
FNDA:1,(anonymous_4)
FNDA:5,(anonymous_5)
DA:8,1
DA:9,4
DA:11,4
DA:12,1
DA:18,4
DA:24,3
DA:34,5
LF:7
LH:7
BRDA:20,0,0,3
BRDA:20,0,1,1
BRF:2
BRH:2
end_of_record
TN:
SF:src\screens\HomeScreen\index.tsx
FN:14,(anonymous_0)
FN:15,(anonymous_1)
FN:17,(anonymous_2)
FN:20,(anonymous_3)
FN:38,(anonymous_4)
FN:48,(anonymous_5)
FN:55,(anonymous_6)
FN:62,(anonymous_7)
FN:64,(anonymous_8)
FN:84,(anonymous_9)
FN:90,(anonymous_10)
FN:102,(anonymous_11)
FN:103,(anonymous_12)
FN:113,(anonymous_13)
FNF:14
FNH:12
FNDA:7,(anonymous_0)
FNDA:0,(anonymous_1)
FNDA:8,(anonymous_2)
FNDA:1,(anonymous_3)
FNDA:1,(anonymous_4)
FNDA:0,(anonymous_5)
FNDA:1,(anonymous_6)
FNDA:1,(anonymous_7)
FNDA:2,(anonymous_8)
FNDA:4,(anonymous_9)
FNDA:4,(anonymous_10)
FNDA:5,(anonymous_11)
FNDA:1,(anonymous_12)
FNDA:9,(anonymous_13)
DA:14,1
DA:15,7
DA:16,7
DA:17,8
DA:18,6
DA:20,6
DA:21,1
DA:22,1
DA:23,0
DA:26,1
DA:27,1
DA:30,0
DA:31,0
DA:32,0
DA:34,1
DA:38,6
DA:39,1
DA:40,0
DA:41,0
DA:43,0
DA:45,1
DA:48,6
DA:49,0
DA:50,0
DA:51,0
DA:55,6
DA:56,1
DA:62,6
DA:63,1
DA:64,1
DA:65,2
DA:67,1
DA:68,0
DA:69,0
DA:70,0
DA:71,0
DA:72,0
DA:73,0
DA:75,0
DA:78,1
DA:80,0
DA:84,6
DA:85,4
DA:86,1
DA:90,6
DA:91,4
DA:94,6
DA:103,5
DA:113,9
LF:49
LH:31
BRDA:22,0,0,0
BRDA:22,0,1,1
BRDA:39,1,0,0
BRDA:39,1,1,1
BRDA:40,2,0,0
BRDA:40,2,1,0
BRDA:49,3,0,0
BRDA:49,3,1,0
BRDA:49,4,0,0
BRDA:49,4,1,0
BRDA:63,5,0,1
BRDA:63,5,1,0
BRDA:67,6,0,0
BRDA:67,6,1,1
BRDA:85,7,0,1
BRDA:85,7,1,3
BRDA:99,8,0,4
BRDA:99,8,1,2
BRF:18
BRH:8
end_of_record
TN:
SF:src\screens\PokemonScreen\index.tsx
FN:20,(anonymous_0)
FN:24,(anonymous_1)
FN:26,(anonymous_2)
FN:27,(anonymous_3)
FN:40,(anonymous_4)
FNF:5
FNH:4
FNDA:6,(anonymous_0)
FNDA:0,(anonymous_1)
FNDA:3,(anonymous_2)
FNDA:1,(anonymous_3)
FNDA:3,(anonymous_4)
DA:20,1
DA:21,6
DA:22,6
DA:23,6
DA:24,6
DA:26,6
DA:27,3
DA:28,3
DA:29,1
DA:30,1
DA:32,2
DA:33,2
DA:34,1
DA:36,1
DA:40,6
DA:41,3
DA:44,6
DA:78,1
LF:18
LH:18
BRDA:28,0,0,1
BRDA:28,0,1,2
BRDA:50,1,0,6
BRDA:50,1,1,4
BRDA:54,2,0,2
BRDA:54,2,1,4
BRDA:70,3,0,1
BRDA:70,3,1,3
BRF:8
BRH:8
end_of_record
TN:
SF:src\screens\PokemonScreen\components\PokemonInfo.tsx
FN:10,(anonymous_0)
FN:13,(anonymous_1)
FN:15,(anonymous_2)
FN:28,(anonymous_3)
FN:41,(anonymous_4)
FN:56,(anonymous_5)
FN:70,(anonymous_6)
FN:81,(anonymous_7)
FNF:8
FNH:4
FNDA:4,(anonymous_0)
FNDA:6,(anonymous_1)
FNDA:2,(anonymous_2)
FNDA:0,(anonymous_3)
FNDA:2,(anonymous_4)
FNDA:0,(anonymous_5)
FNDA:0,(anonymous_6)
FNDA:0,(anonymous_7)
DA:10,1
DA:11,4
DA:12,4
DA:13,6
DA:15,4
DA:16,2
DA:17,2
DA:18,2
DA:19,2
DA:20,1
DA:21,1
DA:23,0
DA:28,4
DA:29,0
DA:31,0
DA:34,0
DA:37,0
DA:41,4
DA:42,2
DA:45,4
DA:57,0
DA:71,0
DA:82,0
DA:96,1
LF:24
LH:16
BRDA:16,0,0,2
BRDA:16,0,1,0
BRDA:29,1,0,0
BRDA:29,1,1,0
BRDA:29,1,2,0
BRDA:62,2,0,0
BRDA:62,2,1,0
BRDA:76,3,0,0
BRDA:76,3,1,0
BRF:9
BRH:1
end_of_record
TN:
SF:src\screens\PokemonScreen\components\PokemonPreview.tsx
FN:19,(anonymous_0)
FN:21,(anonymous_1)
FN:24,(anonymous_2)
FN:27,(anonymous_3)
FN:34,(anonymous_4)
FN:37,(anonymous_5)
FN:50,(anonymous_6)
FN:74,(anonymous_7)
FNF:8
FNH:4
FNDA:2,(anonymous_0)
FNDA:2,(anonymous_1)
FNDA:0,(anonymous_2)
FNDA:0,(anonymous_3)
FNDA:2,(anonymous_4)
FNDA:0,(anonymous_5)
FNDA:0,(anonymous_6)
FNDA:2,(anonymous_7)
DA:19,1
DA:20,2
DA:21,2
DA:23,2
DA:24,0
DA:27,2
DA:28,0
DA:29,0
DA:31,0
DA:34,2
DA:35,2
DA:37,0
DA:42,2
DA:50,0
DA:75,2
DA:88,1
LF:16
LH:10
BRDA:28,0,0,0
BRDA:28,0,1,0
BRDA:58,1,0,0
BRDA:58,1,1,2
BRF:4
BRH:1
end_of_record
TN:
SF:src\services\apiClient.ts
FNF:0
FNH:0
DA:3,2
LF:1
LH:1
BRF:0
BRH:0
end_of_record
TN:
SF:src\services\storage.ts
FN:7,(anonymous_0)
FN:9,(anonymous_1)
FN:13,(anonymous_2)
FNF:3
FNH:1
FNDA:0,(anonymous_0)
FNDA:1,(anonymous_1)
FNDA:0,(anonymous_2)
DA:4,1
DA:6,1
DA:8,0
DA:10,1
DA:11,1
DA:13,0
LF:6
LH:4
BRDA:11,0,0,0
BRDA:11,0,1,1
BRF:2
BRH:1
end_of_record
TN:
SF:src\services\PokemonService\index.ts
FN:4,(anonymous_0)
FN:16,(anonymous_1)
FN:30,(anonymous_2)
FN:39,(anonymous_3)
FNF:4
FNH:4
FNDA:2,(anonymous_0)
FNDA:1,(anonymous_1)
FNDA:3,(anonymous_2)
FNDA:1,(anonymous_3)
DA:4,2
DA:7,2
DA:8,2
DA:14,1
DA:16,1
DA:17,1
DA:18,1
DA:21,1
DA:26,1
DA:30,2
DA:31,3
DA:32,3
DA:33,2
DA:35,1
DA:39,2
DA:40,1
DA:41,1
DA:42,1
DA:44,0
DA:48,2
LF:20
LH:19
BRF:0
BRH:0
end_of_record
TN:
SF:src\services\SpeciesService\index.ts
FN:4,(anonymous_0)
FNF:1
FNH:1
FNDA:4,(anonymous_0)
DA:4,2
DA:5,4
DA:6,4
DA:8,2
DA:10,1
DA:14,2
LF:6
LH:6
BRF:0
BRH:0
end_of_record
TN:
SF:src\stores\useCatchedStore.ts
FN:13,(anonymous_0)
FN:16,(anonymous_1)
FN:17,(anonymous_2)
FN:24,(anonymous_3)
FNF:4
FNH:2
FNDA:1,(anonymous_0)
FNDA:0,(anonymous_1)
FNDA:0,(anonymous_2)
FNDA:1,(anonymous_3)
DA:11,1
DA:13,1
DA:17,0
DA:24,1
LF:4
LH:3
BRF:0
BRH:0
end_of_record
TN:
SF:src\stores\useLoadingStore.ts
FN:9,(anonymous_0)
FN:11,(anonymous_1)
FN:12,(anonymous_2)
FNF:3
FNH:3
FNDA:2,(anonymous_0)
FNDA:3,(anonymous_1)
FNDA:2,(anonymous_2)
DA:9,2
DA:11,3
DA:12,2
LF:3
LH:3
BRF:0
BRH:0
end_of_record
TN:
SF:src\utils\formatPokemonId.ts
FN:1,(anonymous_0)
FNF:1
FNH:1
FNDA:10,(anonymous_0)
DA:1,3
DA:2,10
LF:2
LH:2
BRF:0
BRH:0
end_of_record
